<?xml version="1.0" encoding="UTF-8"?>
<!-- Generated by org.testng.reporters.JUnitReportReporter -->
<testsuite hostname="DESKTOP-BO9JQS5" failures="0" tests="1" name="Practice.addToCartTest" time="0.019" errors="0" timestamp="2022-09-15T19:03:57 IST" skipped="0">
  <testcase classname="Practice.addToCartTest" name="addProductToCart" time="0.019"/>
  <system-out/>
</testsuite> <!-- Practice.addToCartTest -->
